<?xml version="1.0" encoding="UTF-8"?>
<!-- Generated by org.testng.reporters.JUnitReportReporter -->
<testsuite hostname="DESKTOP-U4N34CQ" failures="0" tests="1" name="testcase.TestCaseDemo" time="0.011" errors="0" timestamp="2024-02-01T16:01:04 IST" skipped="0">
  <testcase classname="testcase.TestCaseDemo" name="testcheck" time="0.011"/>
  <system-out/>
</testsuite> <!-- testcase.TestCaseDemo -->
