<?xml version="1.0" encoding="UTF-8"?>
<!-- Generated by org.testng.reporters.JUnitReportReporter -->
<testsuite hostname="DESKTOP-U4N34CQ" failures="0" tests="3" name="testcase.RegistrationTest" time="11.884" errors="0" timestamp="2024-02-05T12:22:39 IST" skipped="0">
  <testcase classname="testcase.RegistrationTest" name="testlogin2" time="8.957"/>
  <system-out/>
  <testcase classname="testcase.RegistrationTest" name="testlogin3" time="2.783"/>
  <system-out/>
  <testcase classname="testcase.RegistrationTest" name="testlogin1" time="0.144"/>
  <system-out/>
</testsuite> <!-- testcase.RegistrationTest -->
