<?xml version="1.0" encoding="UTF-8"?>
<!-- Generated by org.testng.reporters.JUnitReportReporter -->
<testsuite hostname="DESKTOP-U4N34CQ" failures="0" tests="2" name="testcase.LoginPageTest" time="17.567" errors="0" timestamp="2024-02-05T12:57:08 IST" skipped="0">
  <testcase classname="testcase.LoginPageTest" name="test" time="7.415"/>
  <system-out/>
  <testcase classname="testcase.LoginPageTest" name="test2" time="10.152"/>
  <system-out/>
</testsuite> <!-- testcase.LoginPageTest -->
