<?xml version="1.0" encoding="UTF-8"?>
<!-- Generated by org.testng.reporters.JUnitReportReporter -->
<testsuite hostname="DESKTOP-U4N34CQ" failures="0" tests="3" name="testcase.RegistrationTest" time="12.011" errors="0" timestamp="2024-02-05T12:57:08 IST" skipped="0">
  <testcase classname="testcase.RegistrationTest" name="testlogin2" time="9.104"/>
  <system-out/>
  <testcase classname="testcase.RegistrationTest" name="testlogin1" time="0.146"/>
  <system-out/>
  <testcase classname="testcase.RegistrationTest" name="testlogin3" time="2.761"/>
  <system-out/>
</testsuite> <!-- testcase.RegistrationTest -->
